<?xml version="1.0" encoding="UTF-8"?>
<Site BuildName="Linux-c++"
	BuildStamp="20250407-0224-Experimental"
	Name="Ubuntu-System"
	Generator="ctest-3.22.1"
	CompilerName="/usr/bin/c++"
	CompilerVersion="11.4.0"
	OSName="Linux"
	Hostname="Ubuntu-System"
	OSRelease="6.8.0-57-generic"
	OSVersion="#59~22.04.1-Ubuntu SMP PREEMPT_DYNAMIC Wed Mar 19 17:07:41 UTC 2"
	OSPlatform="x86_64"
	Is64Bits="1"
	VendorString="GenuineIntel"
	VendorID="Intel Corporation"
	FamilyID="6"
	ModelID="183"
	ProcessorCacheSize="36864"
	NumberOfLogicalCPU="32"
	NumberOfPhysicalCPU="24"
	TotalVirtualMemory="31248"
	TotalPhysicalMemory="31825"
	LogicalProcessorsPerPhysical="1"
	ProcessorClockFrequency="5500"
	>
	<Testing>
		<StartDateTime>Apr 07 23:09 UTC</StartDateTime>
		<StartTestTime>1744067383</StartTestTime>
		<TestList/>
		<EndDateTime>Apr 07 23:09 UTC</EndDateTime>
		<EndTestTime>1744067383</EndTestTime>
		<ElapsedMinutes>0</ElapsedMinutes>
	</Testing>
</Site>
